

Started GET "/" for 127.0.0.1 at 2016-01-28 23:13:42 -0800
Processing by Rails::WelcomeController#index as HTML
  Rendered /home/jon/.rvm/gems/ruby-2.2.2@rails4.2/gems/railties-4.2.5.1/lib/rails/templates/rails/welcome/index.html.erb (1.5ms)
Completed 200 OK in 22ms (Views: 9.3ms | ActiveRecord: 0.0ms)
  [1m[36m (135.8ms)[0m  [1mCREATE TABLE "schema_migrations" ("version" varchar NOT NULL) [0m
  [1m[35m (0.1ms)[0m  select sqlite_version(*)
  [1m[36m (134.9ms)[0m  [1mCREATE UNIQUE INDEX "unique_schema_migrations" ON "schema_migrations" ("version")[0m
  [1m[35mActiveRecord::SchemaMigration Load (0.1ms)[0m  SELECT "schema_migrations".* FROM "schema_migrations"
Migrating to CreateHotels (20160130213112)
  [1m[36m (0.1ms)[0m  [1mbegin transaction[0m
  [1m[35m (0.0ms)[0m  rollback transaction
  [1m[36mActiveRecord::SchemaMigration Load (0.1ms)[0m  [1mSELECT "schema_migrations".* FROM "schema_migrations"[0m
Migrating to CreateHotels (20160130213112)
  [1m[35m (0.1ms)[0m  begin transaction
  [1m[36m (0.4ms)[0m  [1mCREATE TABLE "hotels" ("id" INTEGER PRIMARY KEY AUTOINCREMENT NOT NULL, "name" varchar, "location_country" varchar, "location_city" varchar, "min_price_q1" integer, "min_price_q2" integer, "min_price_q3" integer, "min_price_q4" integer, "created_at" datetime NOT NULL, "updated_at" datetime NOT NULL) [0m
  [1m[35mSQL (0.2ms)[0m  INSERT INTO "schema_migrations" ("version") VALUES (?)  [["version", "20160130213112"]]
  [1m[36m (129.7ms)[0m  [1mcommit transaction[0m
Migrating to CreateDeals (20160130213147)
  [1m[35m (0.1ms)[0m  begin transaction
  [1m[36m (0.5ms)[0m  [1mCREATE TABLE "deals" ("id" INTEGER PRIMARY KEY AUTOINCREMENT NOT NULL, "name" varchar, "location_country" varchar, "location_city" varchar, "picture_path" varchar, "likes" integer, "dislikes" integer, "hotel_id" integer, "created_at" datetime NOT NULL, "updated_at" datetime NOT NULL) [0m
  [1m[35m (0.1ms)[0m  select sqlite_version(*)
  [1m[36m (0.2ms)[0m  [1mCREATE  INDEX "index_deals_on_hotel_id" ON "deals" ("hotel_id")[0m
  [1m[35mSQL (0.3ms)[0m  INSERT INTO "schema_migrations" ("version") VALUES (?)  [["version", "20160130213147"]]
  [1m[36m (140.5ms)[0m  [1mcommit transaction[0m
  [1m[35mActiveRecord::SchemaMigration Load (0.1ms)[0m  SELECT "schema_migrations".* FROM "schema_migrations"
  [1m[36m (0.1ms)[0m  [1m            SELECT sql
            FROM sqlite_master
            WHERE name='index_deals_on_hotel_id' AND type='index'
            UNION ALL
            SELECT sql
            FROM sqlite_temp_master
            WHERE name='index_deals_on_hotel_id' AND type='index'
[0m
  [1m[36m (163.1ms)[0m  [1mCREATE TABLE "deals" ("id" INTEGER PRIMARY KEY AUTOINCREMENT NOT NULL, "name" varchar, "location_country" varchar, "location_city" varchar, "picture_path" varchar, "likes" integer, "dislikes" integer, "hotel_id" integer, "created_at" datetime NOT NULL, "updated_at" datetime NOT NULL) [0m
  [1m[35m (0.2ms)[0m  select sqlite_version(*)
  [1m[36m (136.7ms)[0m  [1mCREATE  INDEX "index_deals_on_hotel_id" ON "deals" ("hotel_id")[0m
  [1m[35m (134.3ms)[0m  CREATE TABLE "hotels" ("id" INTEGER PRIMARY KEY AUTOINCREMENT NOT NULL, "name" varchar, "location_country" varchar, "location_city" varchar, "min_price_q1" integer, "min_price_q2" integer, "min_price_q3" integer, "min_price_q4" integer, "created_at" datetime NOT NULL, "updated_at" datetime NOT NULL) 
  [1m[36m (118.2ms)[0m  [1mCREATE TABLE "schema_migrations" ("version" varchar NOT NULL) [0m
  [1m[35m (123.4ms)[0m  CREATE UNIQUE INDEX "unique_schema_migrations" ON "schema_migrations" ("version")
  [1m[36m (0.1ms)[0m  [1mSELECT version FROM "schema_migrations"[0m
  [1m[35m (147.8ms)[0m  INSERT INTO "schema_migrations" (version) VALUES ('20160130213147')
  [1m[36m (146.0ms)[0m  [1mINSERT INTO "schema_migrations" (version) VALUES ('20160130213112')[0m
  [1m[35m (133.4ms)[0m  CREATE TABLE "deals" ("id" INTEGER PRIMARY KEY AUTOINCREMENT NOT NULL, "name" varchar, "location_country" varchar, "location_city" varchar, "picture_path" varchar, "likes" integer, "dislikes" integer, "hotel_id" integer, "created_at" datetime NOT NULL, "updated_at" datetime NOT NULL) 
  [1m[36m (0.1ms)[0m  [1mselect sqlite_version(*)[0m
  [1m[35m (112.7ms)[0m  CREATE  INDEX "index_deals_on_hotel_id" ON "deals" ("hotel_id")
  [1m[36m (145.5ms)[0m  [1mCREATE TABLE "hotels" ("id" INTEGER PRIMARY KEY AUTOINCREMENT NOT NULL, "name" varchar, "location_country" varchar, "location_city" varchar, "min_price_q1" integer, "min_price_q2" integer, "min_price_q3" integer, "min_price_q4" integer, "created_at" datetime NOT NULL, "updated_at" datetime NOT NULL) [0m
  [1m[35m (145.6ms)[0m  CREATE TABLE "schema_migrations" ("version" varchar NOT NULL) 
  [1m[36m (158.9ms)[0m  [1mCREATE UNIQUE INDEX "unique_schema_migrations" ON "schema_migrations" ("version")[0m
  [1m[35m (0.1ms)[0m  SELECT version FROM "schema_migrations"
  [1m[36m (123.4ms)[0m  [1mINSERT INTO "schema_migrations" (version) VALUES ('20160130213147')[0m
  [1m[35m (112.5ms)[0m  INSERT INTO "schema_migrations" (version) VALUES ('20160130213112')
  [1m[36mActiveRecord::SchemaMigration Load (0.1ms)[0m  [1mSELECT "schema_migrations".* FROM "schema_migrations"[0m
